2020-04-13 07:43:43 3030 InnoDB: Warning: Using innodb_additional_mem_pool_size is DEPRECATED. This option may be removed in future releases, together with the option innodb_use_sys_malloc and with the InnoDB's internal memory allocator.
2020-04-13  7:43:43 12336 [Note] InnoDB: innodb_empty_free_list_algorithm has been changed to legacy because of small buffer pool size. In order to use backoff, increase buffer pool at least up to 20MB.

2020-04-13  7:43:43 12336 [Note] InnoDB: Using mutexes to ref count buffer pool pages
2020-04-13  7:43:43 12336 [Note] InnoDB: The InnoDB memory heap is disabled
2020-04-13  7:43:43 12336 [Note] InnoDB: Mutexes and rw_locks use Windows interlocked functions
2020-04-13  7:43:43 12336 [Note] InnoDB: _mm_lfence() and _mm_sfence() are used for memory barrier
2020-04-13  7:43:43 12336 [Note] InnoDB: Compressed tables use zlib 1.2.3
2020-04-13  7:43:43 12336 [Note] InnoDB: Using generic crc32 instructions
2020-04-13  7:43:43 12336 [Note] InnoDB: Initializing buffer pool, size = 16.0M
2020-04-13  7:43:43 12336 [Note] InnoDB: Completed initialization of buffer pool
2020-04-13  7:43:43 12336 [Note] InnoDB: The first specified data file C:\_Projects\LEMP-Stack-Windows\mysql\data\ibdata1 did not exist: a new database to be created!
2020-04-13  7:43:43 12336 [Note] InnoDB: Setting file C:\_Projects\LEMP-Stack-Windows\mysql\data\ibdata1 size to 10 MB
2020-04-13  7:43:43 12336 [Note] InnoDB: Setting log file C:\_Projects\LEMP-Stack-Windows\mysql\data\ib_logfile101 size to 5 MB
2020-04-13  7:43:43 12336 [Note] InnoDB: Setting log file C:\_Projects\LEMP-Stack-Windows\mysql\data\ib_logfile1 size to 5 MB
2020-04-13  7:43:43 12336 [Note] InnoDB: Renaming log file C:\_Projects\LEMP-Stack-Windows\mysql\data\ib_logfile101 to C:\_Projects\LEMP-Stack-Windows\mysql\data\ib_logfile0
2020-04-13  7:43:43 12336 [Warning] InnoDB: New log files created, LSN=45781
2020-04-13  7:43:43 12336 [Note] InnoDB: Doublewrite buffer not found: creating new
2020-04-13  7:43:44 12336 [Note] InnoDB: Doublewrite buffer created
2020-04-13  7:43:44 12336 [Note] InnoDB: 128 rollback segment(s) are active.
2020-04-13  7:43:44 12336 [Warning] InnoDB: Creating foreign key constraint system tables.
2020-04-13  7:43:44 12336 [Note] InnoDB: Foreign key constraint system tables created
2020-04-13  7:43:44 12336 [Note] InnoDB: Creating tablespace and datafile system tables.
2020-04-13  7:43:44 12336 [Note] InnoDB: Tablespace and datafile system tables created.
2020-04-13  7:43:44 12336 [Note] InnoDB: Waiting for purge to start
2020-04-13  7:43:44 12336 [Note] InnoDB:  Percona XtraDB (http://www.percona.com) 5.6.36-82.2 started; log sequence number 0
2020-04-13  7:43:44 6256 [Note] InnoDB: Dumping buffer pool(s) not yet started
2020-04-13  7:43:44 12336 [Note] Plugin 'FEEDBACK' is disabled.
2020-04-13  7:43:44 12336 [Note] Server socket created on IP: '::'.
2020-04-13  7:43:44 4192 [Warning] InnoDB: Cannot open table mysql/gtid_slave_pos from the internal data dictionary of InnoDB though the .frm file for the table exists. See http://dev.mysql.com/doc/refman/5.6/en/innodb-troubleshooting.html for how you can resolve the problem.
2020-04-13  7:43:44 4192 [Warning] Failed to load slave replication state from table mysql.gtid_slave_pos: 1932: Table 'mysql.gtid_slave_pos' doesn't exist in engine
2020-04-13  7:43:44 12336 [Note] ./mysql/bin/mysqld: ready for connections.
Version: '10.1.30-MariaDB'  socket: ''  port: 3306  mariadb.org binary distribution
2020-04-13 07:44:17 1a00 InnoDB: Warning: Using innodb_additional_mem_pool_size is DEPRECATED. This option may be removed in future releases, together with the option innodb_use_sys_malloc and with the InnoDB's internal memory allocator.
2020-04-13  7:44:17 6656 [Note] InnoDB: innodb_empty_free_list_algorithm has been changed to legacy because of small buffer pool size. In order to use backoff, increase buffer pool at least up to 20MB.

2020-04-13  7:44:17 6656 [Note] InnoDB: Using mutexes to ref count buffer pool pages
2020-04-13  7:44:17 6656 [Note] InnoDB: The InnoDB memory heap is disabled
2020-04-13  7:44:17 6656 [Note] InnoDB: Mutexes and rw_locks use Windows interlocked functions
2020-04-13  7:44:17 6656 [Note] InnoDB: _mm_lfence() and _mm_sfence() are used for memory barrier
2020-04-13  7:44:17 6656 [Note] InnoDB: Compressed tables use zlib 1.2.3
2020-04-13  7:44:17 6656 [Note] InnoDB: Using generic crc32 instructions
2020-04-13  7:44:17 6656 [Note] InnoDB: Initializing buffer pool, size = 16.0M
2020-04-13  7:44:17 6656 [Note] InnoDB: Completed initialization of buffer pool
2020-04-13  7:44:17 6656 [Note] InnoDB: Highest supported file format is Barracuda.
2020-04-13  7:44:17 6656 [Note] InnoDB: The log sequence number 0 in ibdata file do not match the log sequence number 1600614 in the ib_logfiles!
2020-04-13  7:44:17 6656 [Note] InnoDB: Restoring possible half-written data pages from the doublewrite buffer...
2020-04-13  7:44:17 6656 [Note] InnoDB: 128 rollback segment(s) are active.
2020-04-13  7:44:17 6656 [Note] InnoDB: Waiting for purge to start
2020-04-13  7:44:18 6656 [Note] InnoDB:  Percona XtraDB (http://www.percona.com) 5.6.36-82.2 started; log sequence number 1600614
2020-04-13  7:44:18 6260 [Note] InnoDB: Dumping buffer pool(s) not yet started
2020-04-13  7:44:18 6656 [Note] Plugin 'FEEDBACK' is disabled.
2020-04-13  7:44:18 6656 [Note] Server socket created on IP: '::'.
2020-04-13  7:44:18 14252 [Warning] InnoDB: Cannot open table mysql/gtid_slave_pos from the internal data dictionary of InnoDB though the .frm file for the table exists. See http://dev.mysql.com/doc/refman/5.6/en/innodb-troubleshooting.html for how you can resolve the problem.
2020-04-13  7:44:18 14252 [Warning] Failed to load slave replication state from table mysql.gtid_slave_pos: 1932: Table 'mysql.gtid_slave_pos' doesn't exist in engine
2020-04-13  7:44:18 6656 [Note] ./mysql/bin/mysqld: ready for connections.
Version: '10.1.30-MariaDB'  socket: ''  port: 3306  mariadb.org binary distribution
2020-04-13 07:59:25 1a18 InnoDB: Warning: Using innodb_additional_mem_pool_size is DEPRECATED. This option may be removed in future releases, together with the option innodb_use_sys_malloc and with the InnoDB's internal memory allocator.
2020-04-13  7:59:25 6680 [Note] InnoDB: innodb_empty_free_list_algorithm has been changed to legacy because of small buffer pool size. In order to use backoff, increase buffer pool at least up to 20MB.

2020-04-13  7:59:25 6680 [Note] InnoDB: Using mutexes to ref count buffer pool pages
2020-04-13  7:59:25 6680 [Note] InnoDB: The InnoDB memory heap is disabled
2020-04-13  7:59:25 6680 [Note] InnoDB: Mutexes and rw_locks use Windows interlocked functions
2020-04-13  7:59:25 6680 [Note] InnoDB: _mm_lfence() and _mm_sfence() are used for memory barrier
2020-04-13  7:59:25 6680 [Note] InnoDB: Compressed tables use zlib 1.2.3
2020-04-13  7:59:25 6680 [Note] InnoDB: Using generic crc32 instructions
2020-04-13  7:59:25 6680 [Note] InnoDB: Initializing buffer pool, size = 16.0M
2020-04-13  7:59:25 6680 [Note] InnoDB: Completed initialization of buffer pool
2020-04-13  7:59:25 6680 [Note] InnoDB: Highest supported file format is Barracuda.
2020-04-13  7:59:25 6680 [Note] InnoDB: The log sequence number 0 in ibdata file do not match the log sequence number 1600624 in the ib_logfiles!
2020-04-13  7:59:25 6680 [Note] InnoDB: Restoring possible half-written data pages from the doublewrite buffer...
2020-04-13  7:59:26 6680 [Note] InnoDB: 128 rollback segment(s) are active.
2020-04-13  7:59:26 6680 [Note] InnoDB: Waiting for purge to start
2020-04-13  7:59:26 6680 [Note] InnoDB:  Percona XtraDB (http://www.percona.com) 5.6.36-82.2 started; log sequence number 1600624
2020-04-13  7:59:26 1164 [Note] InnoDB: Dumping buffer pool(s) not yet started
2020-04-13  7:59:26 6680 [Note] Plugin 'FEEDBACK' is disabled.
2020-04-13  7:59:26 6680 [Note] Server socket created on IP: '::'.
2020-04-13  7:59:26 9556 [Warning] InnoDB: Cannot open table mysql/gtid_slave_pos from the internal data dictionary of InnoDB though the .frm file for the table exists. See http://dev.mysql.com/doc/refman/5.6/en/innodb-troubleshooting.html for how you can resolve the problem.
2020-04-13  7:59:26 9556 [Warning] Failed to load slave replication state from table mysql.gtid_slave_pos: 1932: Table 'mysql.gtid_slave_pos' doesn't exist in engine
2020-04-13  7:59:26 6680 [Note] ./mysql/bin/mysqld: ready for connections.
Version: '10.1.30-MariaDB'  socket: ''  port: 3306  mariadb.org binary distribution
2020-04-13 08:01:42 1a60 InnoDB: Warning: Using innodb_additional_mem_pool_size is DEPRECATED. This option may be removed in future releases, together with the option innodb_use_sys_malloc and with the InnoDB's internal memory allocator.
2020-04-13  8:01:42 6752 [Note] InnoDB: innodb_empty_free_list_algorithm has been changed to legacy because of small buffer pool size. In order to use backoff, increase buffer pool at least up to 20MB.

2020-04-13  8:01:42 6752 [Note] InnoDB: Using mutexes to ref count buffer pool pages
2020-04-13  8:01:42 6752 [Note] InnoDB: The InnoDB memory heap is disabled
2020-04-13  8:01:42 6752 [Note] InnoDB: Mutexes and rw_locks use Windows interlocked functions
2020-04-13  8:01:42 6752 [Note] InnoDB: _mm_lfence() and _mm_sfence() are used for memory barrier
2020-04-13  8:01:42 6752 [Note] InnoDB: Compressed tables use zlib 1.2.3
2020-04-13  8:01:42 6752 [Note] InnoDB: Using generic crc32 instructions
2020-04-13  8:01:42 6752 [Note] InnoDB: Initializing buffer pool, size = 16.0M
2020-04-13  8:01:42 6752 [Note] InnoDB: Completed initialization of buffer pool
2020-04-13  8:01:42 6752 [Note] InnoDB: Highest supported file format is Barracuda.
2020-04-13  8:01:42 6752 [Note] InnoDB: The log sequence number 0 in ibdata file do not match the log sequence number 1600634 in the ib_logfiles!
2020-04-13  8:01:42 6752 [Note] InnoDB: Restoring possible half-written data pages from the doublewrite buffer...
2020-04-13  8:01:42 6752 [Note] InnoDB: 128 rollback segment(s) are active.
2020-04-13  8:01:42 6752 [Note] InnoDB: Waiting for purge to start
2020-04-13  8:01:43 6752 [Note] InnoDB:  Percona XtraDB (http://www.percona.com) 5.6.36-82.2 started; log sequence number 1600634
2020-04-13  8:01:43 2344 [Note] InnoDB: Dumping buffer pool(s) not yet started
2020-04-13  8:01:43 6752 [Note] Plugin 'FEEDBACK' is disabled.
2020-04-13  8:01:43 6752 [Note] Server socket created on IP: '::'.
2020-04-13  8:01:43 7620 [Warning] InnoDB: Cannot open table mysql/gtid_slave_pos from the internal data dictionary of InnoDB though the .frm file for the table exists. See http://dev.mysql.com/doc/refman/5.6/en/innodb-troubleshooting.html for how you can resolve the problem.
2020-04-13  8:01:43 7620 [Warning] Failed to load slave replication state from table mysql.gtid_slave_pos: 1932: Table 'mysql.gtid_slave_pos' doesn't exist in engine
2020-04-13  8:01:43 6752 [Note] ./mysql/bin/mysqld: ready for connections.
Version: '10.1.30-MariaDB'  socket: ''  port: 3306  mariadb.org binary distribution
2020-04-13  8:01:56 4208 [Warning] InnoDB: Cannot open table phpmyadmin/pma__relation from the internal data dictionary of InnoDB though the .frm file for the table exists. See http://dev.mysql.com/doc/refman/5.6/en/innodb-troubleshooting.html for how you can resolve the problem.
2020-04-13  8:01:56 4208 [Warning] InnoDB: Cannot open table phpmyadmin/pma__table_info from the internal data dictionary of InnoDB though the .frm file for the table exists. See http://dev.mysql.com/doc/refman/5.6/en/innodb-troubleshooting.html for how you can resolve the problem.
2020-04-13  8:01:56 4208 [Warning] InnoDB: Cannot open table phpmyadmin/pma__table_coords from the internal data dictionary of InnoDB though the .frm file for the table exists. See http://dev.mysql.com/doc/refman/5.6/en/innodb-troubleshooting.html for how you can resolve the problem.
2020-04-13  8:01:56 4208 [Warning] InnoDB: Cannot open table phpmyadmin/pma__column_info from the internal data dictionary of InnoDB though the .frm file for the table exists. See http://dev.mysql.com/doc/refman/5.6/en/innodb-troubleshooting.html for how you can resolve the problem.
2020-04-13  8:01:56 4208 [Warning] InnoDB: Cannot open table phpmyadmin/pma__history from the internal data dictionary of InnoDB though the .frm file for the table exists. See http://dev.mysql.com/doc/refman/5.6/en/innodb-troubleshooting.html for how you can resolve the problem.
2020-04-13  8:01:56 4208 [Warning] InnoDB: Cannot open table phpmyadmin/pma__recent from the internal data dictionary of InnoDB though the .frm file for the table exists. See http://dev.mysql.com/doc/refman/5.6/en/innodb-troubleshooting.html for how you can resolve the problem.
2020-04-13  8:01:56 4208 [Warning] InnoDB: Cannot open table phpmyadmin/pma__favorite from the internal data dictionary of InnoDB though the .frm file for the table exists. See http://dev.mysql.com/doc/refman/5.6/en/innodb-troubleshooting.html for how you can resolve the problem.
2020-04-13  8:01:56 4208 [Warning] InnoDB: Cannot open table phpmyadmin/pma__table_uiprefs from the internal data dictionary of InnoDB though the .frm file for the table exists. See http://dev.mysql.com/doc/refman/5.6/en/innodb-troubleshooting.html for how you can resolve the problem.
2020-04-13  8:01:56 4208 [Warning] InnoDB: Cannot open table phpmyadmin/pma__tracking from the internal data dictionary of InnoDB though the .frm file for the table exists. See http://dev.mysql.com/doc/refman/5.6/en/innodb-troubleshooting.html for how you can resolve the problem.
2020-04-13  8:01:56 4208 [Warning] InnoDB: Cannot open table phpmyadmin/pma__userconfig from the internal data dictionary of InnoDB though the .frm file for the table exists. See http://dev.mysql.com/doc/refman/5.6/en/innodb-troubleshooting.html for how you can resolve the problem.
2020-04-13  8:01:56 4208 [Warning] InnoDB: Cannot open table phpmyadmin/pma__bookmark from the internal data dictionary of InnoDB though the .frm file for the table exists. See http://dev.mysql.com/doc/refman/5.6/en/innodb-troubleshooting.html for how you can resolve the problem.
2020-04-13  8:01:56 4208 [Warning] InnoDB: Cannot open table phpmyadmin/pma__users from the internal data dictionary of InnoDB though the .frm file for the table exists. See http://dev.mysql.com/doc/refman/5.6/en/innodb-troubleshooting.html for how you can resolve the problem.
2020-04-13  8:01:56 4208 [Warning] InnoDB: Cannot open table phpmyadmin/pma__navigationhiding from the internal data dictionary of InnoDB though the .frm file for the table exists. See http://dev.mysql.com/doc/refman/5.6/en/innodb-troubleshooting.html for how you can resolve the problem.
2020-04-13  8:01:56 4208 [Warning] InnoDB: Cannot open table phpmyadmin/pma__savedsearches from the internal data dictionary of InnoDB though the .frm file for the table exists. See http://dev.mysql.com/doc/refman/5.6/en/innodb-troubleshooting.html for how you can resolve the problem.
2020-04-13  8:01:56 4208 [Warning] InnoDB: Cannot open table phpmyadmin/pma__central_columns from the internal data dictionary of InnoDB though the .frm file for the table exists. See http://dev.mysql.com/doc/refman/5.6/en/innodb-troubleshooting.html for how you can resolve the problem.
2020-04-13  8:01:56 4208 [Warning] InnoDB: Cannot open table phpmyadmin/pma__designer_settings from the internal data dictionary of InnoDB though the .frm file for the table exists. See http://dev.mysql.com/doc/refman/5.6/en/innodb-troubleshooting.html for how you can resolve the problem.
2020-04-13  8:01:56 4208 [Warning] InnoDB: Cannot open table phpmyadmin/pma__export_templates from the internal data dictionary of InnoDB though the .frm file for the table exists. See http://dev.mysql.com/doc/refman/5.6/en/innodb-troubleshooting.html for how you can resolve the problem.
2020-04-13  8:04:26 5488 [Warning] InnoDB: Cannot open table phpmyadmin/pma__relation from the internal data dictionary of InnoDB though the .frm file for the table exists. See http://dev.mysql.com/doc/refman/5.6/en/innodb-troubleshooting.html for how you can resolve the problem.
2020-04-13  8:04:26 5488 [Warning] InnoDB: Cannot open table phpmyadmin/pma__table_info from the internal data dictionary of InnoDB though the .frm file for the table exists. See http://dev.mysql.com/doc/refman/5.6/en/innodb-troubleshooting.html for how you can resolve the problem.
2020-04-13  8:04:26 5488 [Warning] InnoDB: Cannot open table phpmyadmin/pma__table_coords from the internal data dictionary of InnoDB though the .frm file for the table exists. See http://dev.mysql.com/doc/refman/5.6/en/innodb-troubleshooting.html for how you can resolve the problem.
2020-04-13  8:04:26 5488 [Warning] InnoDB: Cannot open table phpmyadmin/pma__column_info from the internal data dictionary of InnoDB though the .frm file for the table exists. See http://dev.mysql.com/doc/refman/5.6/en/innodb-troubleshooting.html for how you can resolve the problem.
2020-04-13  8:04:26 5488 [Warning] InnoDB: Cannot open table phpmyadmin/pma__history from the internal data dictionary of InnoDB though the .frm file for the table exists. See http://dev.mysql.com/doc/refman/5.6/en/innodb-troubleshooting.html for how you can resolve the problem.
2020-04-13  8:04:26 5488 [Warning] InnoDB: Cannot open table phpmyadmin/pma__recent from the internal data dictionary of InnoDB though the .frm file for the table exists. See http://dev.mysql.com/doc/refman/5.6/en/innodb-troubleshooting.html for how you can resolve the problem.
2020-04-13  8:04:26 5488 [Warning] InnoDB: Cannot open table phpmyadmin/pma__favorite from the internal data dictionary of InnoDB though the .frm file for the table exists. See http://dev.mysql.com/doc/refman/5.6/en/innodb-troubleshooting.html for how you can resolve the problem.
2020-04-13  8:04:26 5488 [Warning] InnoDB: Cannot open table phpmyadmin/pma__table_uiprefs from the internal data dictionary of InnoDB though the .frm file for the table exists. See http://dev.mysql.com/doc/refman/5.6/en/innodb-troubleshooting.html for how you can resolve the problem.
2020-04-13  8:04:26 5488 [Warning] InnoDB: Cannot open table phpmyadmin/pma__tracking from the internal data dictionary of InnoDB though the .frm file for the table exists. See http://dev.mysql.com/doc/refman/5.6/en/innodb-troubleshooting.html for how you can resolve the problem.
2020-04-13  8:04:26 5488 [Warning] InnoDB: Cannot open table phpmyadmin/pma__userconfig from the internal data dictionary of InnoDB though the .frm file for the table exists. See http://dev.mysql.com/doc/refman/5.6/en/innodb-troubleshooting.html for how you can resolve the problem.
2020-04-13  8:04:26 5488 [Warning] InnoDB: Cannot open table phpmyadmin/pma__bookmark from the internal data dictionary of InnoDB though the .frm file for the table exists. See http://dev.mysql.com/doc/refman/5.6/en/innodb-troubleshooting.html for how you can resolve the problem.
2020-04-13  8:04:26 5488 [Warning] InnoDB: Cannot open table phpmyadmin/pma__users from the internal data dictionary of InnoDB though the .frm file for the table exists. See http://dev.mysql.com/doc/refman/5.6/en/innodb-troubleshooting.html for how you can resolve the problem.
2020-04-13  8:04:26 5488 [Warning] InnoDB: Cannot open table phpmyadmin/pma__navigationhiding from the internal data dictionary of InnoDB though the .frm file for the table exists. See http://dev.mysql.com/doc/refman/5.6/en/innodb-troubleshooting.html for how you can resolve the problem.
2020-04-13  8:04:26 5488 [Warning] InnoDB: Cannot open table phpmyadmin/pma__savedsearches from the internal data dictionary of InnoDB though the .frm file for the table exists. See http://dev.mysql.com/doc/refman/5.6/en/innodb-troubleshooting.html for how you can resolve the problem.
2020-04-13  8:04:26 5488 [Warning] InnoDB: Cannot open table phpmyadmin/pma__central_columns from the internal data dictionary of InnoDB though the .frm file for the table exists. See http://dev.mysql.com/doc/refman/5.6/en/innodb-troubleshooting.html for how you can resolve the problem.
2020-04-13  8:04:26 5488 [Warning] InnoDB: Cannot open table phpmyadmin/pma__designer_settings from the internal data dictionary of InnoDB though the .frm file for the table exists. See http://dev.mysql.com/doc/refman/5.6/en/innodb-troubleshooting.html for how you can resolve the problem.
2020-04-13  8:04:26 5488 [Warning] InnoDB: Cannot open table phpmyadmin/pma__export_templates from the internal data dictionary of InnoDB though the .frm file for the table exists. See http://dev.mysql.com/doc/refman/5.6/en/innodb-troubleshooting.html for how you can resolve the problem.
2020-04-13  8:04:33 5488 [Warning] InnoDB: Cannot open table phpmyadmin/pma__bookmark from the internal data dictionary of InnoDB though the .frm file for the table exists. See http://dev.mysql.com/doc/refman/5.6/en/innodb-troubleshooting.html for how you can resolve the problem.
2020-04-13  8:04:33 5488 [Warning] InnoDB: Cannot open table phpmyadmin/pma__central_columns from the internal data dictionary of InnoDB though the .frm file for the table exists. See http://dev.mysql.com/doc/refman/5.6/en/innodb-troubleshooting.html for how you can resolve the problem.
2020-04-13  8:04:33 5488 [Warning] InnoDB: Cannot open table phpmyadmin/pma__column_info from the internal data dictionary of InnoDB though the .frm file for the table exists. See http://dev.mysql.com/doc/refman/5.6/en/innodb-troubleshooting.html for how you can resolve the problem.
2020-04-13  8:04:33 5488 [Warning] InnoDB: Cannot open table phpmyadmin/pma__designer_settings from the internal data dictionary of InnoDB though the .frm file for the table exists. See http://dev.mysql.com/doc/refman/5.6/en/innodb-troubleshooting.html for how you can resolve the problem.
2020-04-13  8:04:33 5488 [Warning] InnoDB: Cannot open table phpmyadmin/pma__export_templates from the internal data dictionary of InnoDB though the .frm file for the table exists. See http://dev.mysql.com/doc/refman/5.6/en/innodb-troubleshooting.html for how you can resolve the problem.
2020-04-13  8:04:33 5488 [Warning] InnoDB: Cannot open table phpmyadmin/pma__favorite from the internal data dictionary of InnoDB though the .frm file for the table exists. See http://dev.mysql.com/doc/refman/5.6/en/innodb-troubleshooting.html for how you can resolve the problem.
2020-04-13  8:04:33 5488 [Warning] InnoDB: Cannot open table phpmyadmin/pma__history from the internal data dictionary of InnoDB though the .frm file for the table exists. See http://dev.mysql.com/doc/refman/5.6/en/innodb-troubleshooting.html for how you can resolve the problem.
2020-04-13  8:04:33 5488 [Warning] InnoDB: Cannot open table phpmyadmin/pma__navigationhiding from the internal data dictionary of InnoDB though the .frm file for the table exists. See http://dev.mysql.com/doc/refman/5.6/en/innodb-troubleshooting.html for how you can resolve the problem.
2020-04-13  8:04:33 5488 [Warning] InnoDB: Cannot open table phpmyadmin/pma__pdf_pages from the internal data dictionary of InnoDB though the .frm file for the table exists. See http://dev.mysql.com/doc/refman/5.6/en/innodb-troubleshooting.html for how you can resolve the problem.
2020-04-13  8:04:33 5488 [Warning] InnoDB: Cannot open table phpmyadmin/pma__recent from the internal data dictionary of InnoDB though the .frm file for the table exists. See http://dev.mysql.com/doc/refman/5.6/en/innodb-troubleshooting.html for how you can resolve the problem.
2020-04-13  8:04:33 5488 [Warning] InnoDB: Cannot open table phpmyadmin/pma__relation from the internal data dictionary of InnoDB though the .frm file for the table exists. See http://dev.mysql.com/doc/refman/5.6/en/innodb-troubleshooting.html for how you can resolve the problem.
2020-04-13  8:04:33 5488 [Warning] InnoDB: Cannot open table phpmyadmin/pma__savedsearches from the internal data dictionary of InnoDB though the .frm file for the table exists. See http://dev.mysql.com/doc/refman/5.6/en/innodb-troubleshooting.html for how you can resolve the problem.
2020-04-13  8:04:33 5488 [Warning] InnoDB: Cannot open table phpmyadmin/pma__table_coords from the internal data dictionary of InnoDB though the .frm file for the table exists. See http://dev.mysql.com/doc/refman/5.6/en/innodb-troubleshooting.html for how you can resolve the problem.
2020-04-13  8:04:33 5488 [Warning] InnoDB: Cannot open table phpmyadmin/pma__table_info from the internal data dictionary of InnoDB though the .frm file for the table exists. See http://dev.mysql.com/doc/refman/5.6/en/innodb-troubleshooting.html for how you can resolve the problem.
2020-04-13  8:04:33 5488 [Warning] InnoDB: Cannot open table phpmyadmin/pma__table_uiprefs from the internal data dictionary of InnoDB though the .frm file for the table exists. See http://dev.mysql.com/doc/refman/5.6/en/innodb-troubleshooting.html for how you can resolve the problem.
2020-04-13  8:04:33 5488 [Warning] InnoDB: Cannot open table phpmyadmin/pma__tracking from the internal data dictionary of InnoDB though the .frm file for the table exists. See http://dev.mysql.com/doc/refman/5.6/en/innodb-troubleshooting.html for how you can resolve the problem.
2020-04-13  8:04:33 5488 [Warning] InnoDB: Cannot open table phpmyadmin/pma__userconfig from the internal data dictionary of InnoDB though the .frm file for the table exists. See http://dev.mysql.com/doc/refman/5.6/en/innodb-troubleshooting.html for how you can resolve the problem.
2020-04-13  8:04:33 5488 [Warning] InnoDB: Cannot open table phpmyadmin/pma__usergroups from the internal data dictionary of InnoDB though the .frm file for the table exists. See http://dev.mysql.com/doc/refman/5.6/en/innodb-troubleshooting.html for how you can resolve the problem.
2020-04-13  8:04:33 5488 [Warning] InnoDB: Cannot open table phpmyadmin/pma__users from the internal data dictionary of InnoDB though the .frm file for the table exists. See http://dev.mysql.com/doc/refman/5.6/en/innodb-troubleshooting.html for how you can resolve the problem.
2020-04-13  8:05:05 14252 [Warning] InnoDB: Cannot open table phpmyadmin/pma__relation from the internal data dictionary of InnoDB though the .frm file for the table exists. See http://dev.mysql.com/doc/refman/5.6/en/innodb-troubleshooting.html for how you can resolve the problem.
2020-04-13  8:05:05 14252 [Warning] InnoDB: Cannot open table phpmyadmin/pma__table_info from the internal data dictionary of InnoDB though the .frm file for the table exists. See http://dev.mysql.com/doc/refman/5.6/en/innodb-troubleshooting.html for how you can resolve the problem.
2020-04-13  8:05:05 14252 [Warning] InnoDB: Cannot open table phpmyadmin/pma__table_coords from the internal data dictionary of InnoDB though the .frm file for the table exists. See http://dev.mysql.com/doc/refman/5.6/en/innodb-troubleshooting.html for how you can resolve the problem.
2020-04-13  8:05:05 14252 [Warning] InnoDB: Cannot open table phpmyadmin/pma__column_info from the internal data dictionary of InnoDB though the .frm file for the table exists. See http://dev.mysql.com/doc/refman/5.6/en/innodb-troubleshooting.html for how you can resolve the problem.
2020-04-13  8:05:05 14252 [Warning] InnoDB: Cannot open table phpmyadmin/pma__history from the internal data dictionary of InnoDB though the .frm file for the table exists. See http://dev.mysql.com/doc/refman/5.6/en/innodb-troubleshooting.html for how you can resolve the problem.
2020-04-13  8:05:05 14252 [Warning] InnoDB: Cannot open table phpmyadmin/pma__recent from the internal data dictionary of InnoDB though the .frm file for the table exists. See http://dev.mysql.com/doc/refman/5.6/en/innodb-troubleshooting.html for how you can resolve the problem.
2020-04-13  8:05:05 14252 [Warning] InnoDB: Cannot open table phpmyadmin/pma__favorite from the internal data dictionary of InnoDB though the .frm file for the table exists. See http://dev.mysql.com/doc/refman/5.6/en/innodb-troubleshooting.html for how you can resolve the problem.
2020-04-13  8:05:05 14252 [Warning] InnoDB: Cannot open table phpmyadmin/pma__table_uiprefs from the internal data dictionary of InnoDB though the .frm file for the table exists. See http://dev.mysql.com/doc/refman/5.6/en/innodb-troubleshooting.html for how you can resolve the problem.
2020-04-13  8:05:05 14252 [Warning] InnoDB: Cannot open table phpmyadmin/pma__tracking from the internal data dictionary of InnoDB though the .frm file for the table exists. See http://dev.mysql.com/doc/refman/5.6/en/innodb-troubleshooting.html for how you can resolve the problem.
2020-04-13  8:05:05 14252 [Warning] InnoDB: Cannot open table phpmyadmin/pma__userconfig from the internal data dictionary of InnoDB though the .frm file for the table exists. See http://dev.mysql.com/doc/refman/5.6/en/innodb-troubleshooting.html for how you can resolve the problem.
2020-04-13  8:05:05 14252 [Warning] InnoDB: Cannot open table phpmyadmin/pma__bookmark from the internal data dictionary of InnoDB though the .frm file for the table exists. See http://dev.mysql.com/doc/refman/5.6/en/innodb-troubleshooting.html for how you can resolve the problem.
2020-04-13  8:05:05 14252 [Warning] InnoDB: Cannot open table phpmyadmin/pma__users from the internal data dictionary of InnoDB though the .frm file for the table exists. See http://dev.mysql.com/doc/refman/5.6/en/innodb-troubleshooting.html for how you can resolve the problem.
2020-04-13  8:05:05 14252 [Warning] InnoDB: Cannot open table phpmyadmin/pma__navigationhiding from the internal data dictionary of InnoDB though the .frm file for the table exists. See http://dev.mysql.com/doc/refman/5.6/en/innodb-troubleshooting.html for how you can resolve the problem.
2020-04-13  8:05:05 14252 [Warning] InnoDB: Cannot open table phpmyadmin/pma__savedsearches from the internal data dictionary of InnoDB though the .frm file for the table exists. See http://dev.mysql.com/doc/refman/5.6/en/innodb-troubleshooting.html for how you can resolve the problem.
2020-04-13  8:05:05 14252 [Warning] InnoDB: Cannot open table phpmyadmin/pma__central_columns from the internal data dictionary of InnoDB though the .frm file for the table exists. See http://dev.mysql.com/doc/refman/5.6/en/innodb-troubleshooting.html for how you can resolve the problem.
2020-04-13  8:05:05 14252 [Warning] InnoDB: Cannot open table phpmyadmin/pma__designer_settings from the internal data dictionary of InnoDB though the .frm file for the table exists. See http://dev.mysql.com/doc/refman/5.6/en/innodb-troubleshooting.html for how you can resolve the problem.
2020-04-13  8:05:05 14252 [Warning] InnoDB: Cannot open table phpmyadmin/pma__export_templates from the internal data dictionary of InnoDB though the .frm file for the table exists. See http://dev.mysql.com/doc/refman/5.6/en/innodb-troubleshooting.html for how you can resolve the problem.
2020-04-13 08:19:38 14b0 InnoDB: Warning: Using innodb_additional_mem_pool_size is DEPRECATED. This option may be removed in future releases, together with the option innodb_use_sys_malloc and with the InnoDB's internal memory allocator.
2020-04-13  8:19:38 5296 [Note] InnoDB: innodb_empty_free_list_algorithm has been changed to legacy because of small buffer pool size. In order to use backoff, increase buffer pool at least up to 20MB.

2020-04-13  8:19:38 5296 [Note] InnoDB: Using mutexes to ref count buffer pool pages
2020-04-13  8:19:38 5296 [Note] InnoDB: The InnoDB memory heap is disabled
2020-04-13  8:19:38 5296 [Note] InnoDB: Mutexes and rw_locks use Windows interlocked functions
2020-04-13  8:19:38 5296 [Note] InnoDB: _mm_lfence() and _mm_sfence() are used for memory barrier
2020-04-13  8:19:38 5296 [Note] InnoDB: Compressed tables use zlib 1.2.3
2020-04-13  8:19:38 5296 [Note] InnoDB: Using generic crc32 instructions
2020-04-13  8:19:38 5296 [Note] InnoDB: Initializing buffer pool, size = 16.0M
2020-04-13  8:19:38 5296 [Note] InnoDB: Completed initialization of buffer pool
2020-04-13  8:19:38 5296 [Note] InnoDB: Highest supported file format is Barracuda.
2020-04-13  8:19:38 5296 [Note] InnoDB: The log sequence number 0 in ibdata file do not match the log sequence number 1600644 in the ib_logfiles!
2020-04-13  8:19:38 5296 [Note] InnoDB: Restoring possible half-written data pages from the doublewrite buffer...
2020-04-13  8:19:38 5296 [Note] InnoDB: 128 rollback segment(s) are active.
2020-04-13  8:19:38 5296 [Note] InnoDB: Waiting for purge to start
2020-04-13  8:19:38 5296 [Note] InnoDB:  Percona XtraDB (http://www.percona.com) 5.6.36-82.2 started; log sequence number 1600644
2020-04-13  8:19:38 10296 [Note] InnoDB: Dumping buffer pool(s) not yet started
2020-04-13  8:19:38 5296 [Note] Plugin 'FEEDBACK' is disabled.
2020-04-13  8:19:38 5296 [Note] Server socket created on IP: '::'.
2020-04-13  8:19:38 5296 [ERROR] mysqld: Table '.\mysql\user' is marked as crashed and should be repaired
2020-04-13  8:19:38 5296 [Warning] Checking table:   '.\mysql\user'
2020-04-13  8:19:38 5296 [ERROR] mysql.user: 1 client is using or hasn't closed the table properly
2020-04-13  8:19:38 5296 [ERROR] mysqld: Table '.\mysql\db' is marked as crashed and should be repaired
2020-04-13  8:19:38 5296 [Warning] Checking table:   '.\mysql\db'
2020-04-13  8:19:38 5296 [ERROR] mysql.db: 1 client is using or hasn't closed the table properly
2020-04-13  8:19:38 8640 [Warning] InnoDB: Cannot open table mysql/gtid_slave_pos from the internal data dictionary of InnoDB though the .frm file for the table exists. See http://dev.mysql.com/doc/refman/5.6/en/innodb-troubleshooting.html for how you can resolve the problem.
2020-04-13  8:19:38 8640 [Warning] Failed to load slave replication state from table mysql.gtid_slave_pos: 1932: Table 'mysql.gtid_slave_pos' doesn't exist in engine
2020-04-13  8:19:38 5296 [Note] ./mysql/bin/mysqld: ready for connections.
Version: '10.1.30-MariaDB'  socket: ''  port: 3306  mariadb.org binary distribution
